<?xml version="1.0" encoding="UTF-8"?>
<testsuite name="com.whattodo.demo.Whattodov1ApplicationTests" tests="1" skipped="0" failures="0" errors="0" timestamp="2025-10-13T11:21:42.744Z" hostname="LAPTOP-B" time="1.488">
  <properties/>
  <testcase name="contextLoads()" classname="com.whattodo.demo.Whattodov1ApplicationTests" time="1.488"/>
  <system-out><![CDATA[13:21:38.949 [Test worker] INFO org.springframework.test.context.support.AnnotationConfigContextLoaderUtils -- Could not detect default configuration classes for test class [com.whattodo.demo.Whattodov1ApplicationTests]: Whattodov1ApplicationTests does not declare any static, non-private, non-final, nested classes annotated with @Configuration.
13:21:39.243 [Test worker] INFO org.springframework.boot.test.context.SpringBootTestContextBootstrapper -- Found @SpringBootConfiguration com.whattodo.demo.Whattodov1Application for test class com.whattodo.demo.Whattodov1ApplicationTests

  .   ____          _            __ _ _
 /\\ / ___'_ __ _ _(_)_ __  __ _ \ \ \ \
( ( )\___ | '_ | '_| | '_ \/ _` | \ \ \ \
 \\/  ___)| |_)| | | | | || (_| |  ) ) ) )
  '  |____| .__|_| |_|_| |_\__, | / / / /
 =========|_|==============|___/=/_/_/_/

 :: Spring Boot ::                (v3.5.6)

2025-10-13T13:21:40.355+02:00  INFO 10880 --- [Whattodov1] [    Test worker] c.w.demo.Whattodov1ApplicationTests      : Starting Whattodov1ApplicationTests using Java 25 with PID 10880 (started by razor in C:\Users\razor\IdeaProjects\WhatToDov1)
2025-10-13T13:21:40.360+02:00  INFO 10880 --- [Whattodov1] [    Test worker] c.w.demo.Whattodov1ApplicationTests      : No active profile set, falling back to 1 default profile: "default"
2025-10-13T13:21:42.684+02:00  INFO 10880 --- [Whattodov1] [    Test worker] c.w.demo.Whattodov1ApplicationTests      : Started Whattodov1ApplicationTests in 3.048 seconds (process running for 5.684)
]]></system-out>
  <system-err><![CDATA[Mockito is currently self-attaching to enable the inline-mock-maker. This will no longer work in future releases of the JDK. Please add Mockito as an agent to your build as described in Mockito's documentation: https://javadoc.io/doc/org.mockito/mockito-core/latest/org.mockito/org/mockito/Mockito.html#0.3
WARNING: A Java agent has been loaded dynamically (C:\Users\razor\.gradle\caches\modules-2\files-2.1\net.bytebuddy\byte-buddy-agent\1.17.7\fbf3d6d649ed37fc9e9c59480a05be0a26e3c2da\byte-buddy-agent-1.17.7.jar)
WARNING: If a serviceability tool is in use, please run with -XX:+EnableDynamicAgentLoading to hide this warning
WARNING: If a serviceability tool is not in use, please run with -Djdk.instrument.traceUsage for more information
WARNING: Dynamic loading of agents will be disallowed by default in a future release
]]></system-err>
</testsuite>
