<?xml version="1.0" encoding="UTF-8"?>
<testsuite name="com.whattodo.demo.Whattodov1ApplicationTests" tests="1" skipped="0" failures="0" errors="0" timestamp="2025-11-17T11:39:16.097Z" hostname="LAPTOP-B" time="1.29">
  <properties/>
  <testcase name="contextLoads()" classname="com.whattodo.demo.Whattodov1ApplicationTests" time="1.29"/>
  <system-out><![CDATA[12:39:12.526 [Test worker] INFO org.springframework.test.context.support.AnnotationConfigContextLoaderUtils -- Could not detect default configuration classes for test class [com.whattodo.demo.Whattodov1ApplicationTests]: Whattodov1ApplicationTests does not declare any static, non-private, non-final, nested classes annotated with @Configuration.
12:39:12.770 [Test worker] INFO org.springframework.boot.test.context.SpringBootTestContextBootstrapper -- Found @SpringBootConfiguration com.whattodo.demo.Whattodov1Application for test class com.whattodo.demo.Whattodov1ApplicationTests

  .   ____          _            __ _ _
 /\\ / ___'_ __ _ _(_)_ __  __ _ \ \ \ \
( ( )\___ | '_ | '_| | '_ \/ _` | \ \ \ \
 \\/  ___)| |_)| | | | | || (_| |  ) ) ) )
  '  |____| .__|_| |_|_| |_\__, | / / / /
 =========|_|==============|___/=/_/_/_/

 :: Spring Boot ::                (v3.5.6)

2025-11-17T12:39:13.740+01:00  INFO 7924 --- [Whattodov1] [    Test worker] c.w.demo.Whattodov1ApplicationTests      : Starting Whattodov1ApplicationTests using Java 25 with PID 7924 (started by razor in C:\Users\razor\IdeaProjects\WhatToDov1)
2025-11-17T12:39:13.744+01:00  INFO 7924 --- [Whattodov1] [    Test worker] c.w.demo.Whattodov1ApplicationTests      : No active profile set, falling back to 1 default profile: "default"
2025-11-17T12:39:16.068+01:00  INFO 7924 --- [Whattodov1] [    Test worker] c.w.demo.Whattodov1ApplicationTests      : Started Whattodov1ApplicationTests in 2.954 seconds (process running for 5.436)
]]></system-out>
  <system-err><![CDATA[Mockito is currently self-attaching to enable the inline-mock-maker. This will no longer work in future releases of the JDK. Please add Mockito as an agent to your build as described in Mockito's documentation: https://javadoc.io/doc/org.mockito/mockito-core/latest/org.mockito/org/mockito/Mockito.html#0.3
WARNING: A Java agent has been loaded dynamically (C:\Users\razor\.gradle\caches\modules-2\files-2.1\net.bytebuddy\byte-buddy-agent\1.17.7\fbf3d6d649ed37fc9e9c59480a05be0a26e3c2da\byte-buddy-agent-1.17.7.jar)
WARNING: If a serviceability tool is in use, please run with -XX:+EnableDynamicAgentLoading to hide this warning
WARNING: If a serviceability tool is not in use, please run with -Djdk.instrument.traceUsage for more information
WARNING: Dynamic loading of agents will be disallowed by default in a future release
]]></system-err>
</testsuite>
