<?xml version="1.0" encoding="UTF-8"?>
<testsuite name="com.whattodo.demo.CategoryControllerIT" tests="4" skipped="0" failures="0" errors="0" timestamp="2026-01-17T00:31:25.644Z" hostname="LAPTOP-B" time="1.573">
  <properties/>
  <testcase name="createCategory_emptyName_returns4xx()" classname="com.whattodo.demo.CategoryControllerIT" time="1.02"/>
  <testcase name="getCategories_returns200_andJsonArray()" classname="com.whattodo.demo.CategoryControllerIT" time="0.314"/>
  <testcase name="createCategory_thenGetCategories_containsIt()" classname="com.whattodo.demo.CategoryControllerIT" time="0.164"/>
  <testcase name="deleteCategory_removesItFromList()" classname="com.whattodo.demo.CategoryControllerIT" time="0.068"/>
  <system-out><![CDATA[01:31:15.163 [Test worker] INFO org.springframework.test.context.support.AnnotationConfigContextLoaderUtils -- Could not detect default configuration classes for test class [com.whattodo.demo.CategoryControllerIT]: CategoryControllerIT does not declare any static, non-private, non-final, nested classes annotated with @Configuration.
01:31:15.568 [Test worker] INFO org.springframework.boot.test.context.SpringBootTestContextBootstrapper -- Found @SpringBootConfiguration com.whattodo.demo.Whattodov1Application for test class com.whattodo.demo.CategoryControllerIT

  .   ____          _            __ _ _
 /\\ / ___'_ __ _ _(_)_ __  __ _ \ \ \ \
( ( )\___ | '_ | '_| | '_ \/ _` | \ \ \ \
 \\/  ___)| |_)| | | | | || (_| |  ) ) ) )
  '  |____| .__|_| |_|_| |_\__, | / / / /
 =========|_|==============|___/=/_/_/_/

 :: Spring Boot ::                (v3.5.6)

2026-01-17T01:31:16.736+01:00  INFO 20732 --- [    Test worker] com.whattodo.demo.CategoryControllerIT   : Starting CategoryControllerIT using Java 25 with PID 20732 (started by razor in C:\Users\razor\IdeaProjects\WhatToDov1)
2026-01-17T01:31:16.738+01:00  INFO 20732 --- [    Test worker] com.whattodo.demo.CategoryControllerIT   : The following 1 profile is active: "test"
2026-01-17T01:31:18.129+01:00  INFO 20732 --- [    Test worker] .s.d.r.c.RepositoryConfigurationDelegate : Bootstrapping Spring Data JPA repositories in DEFAULT mode.
2026-01-17T01:31:18.282+01:00  INFO 20732 --- [    Test worker] .s.d.r.c.RepositoryConfigurationDelegate : Finished Spring Data repository scanning in 124 ms. Found 2 JPA repository interfaces.
2026-01-17T01:31:19.265+01:00  INFO 20732 --- [    Test worker] o.hibernate.jpa.internal.util.LogHelper  : HHH000204: Processing PersistenceUnitInfo [name: default]
2026-01-17T01:31:19.434+01:00  INFO 20732 --- [    Test worker] org.hibernate.Version                    : HHH000412: Hibernate ORM core version 6.6.29.Final
2026-01-17T01:31:19.539+01:00  INFO 20732 --- [    Test worker] o.h.c.internal.RegionFactoryInitiator    : HHH000026: Second-level cache disabled
2026-01-17T01:31:20.334+01:00  INFO 20732 --- [    Test worker] o.s.o.j.p.SpringPersistenceUnitInfo      : No LoadTimeWeaver setup: ignoring JPA class transformer
2026-01-17T01:31:20.411+01:00  INFO 20732 --- [    Test worker] com.zaxxer.hikari.HikariDataSource       : HikariPool-1 - Starting...
2026-01-17T01:31:20.840+01:00  INFO 20732 --- [    Test worker] com.zaxxer.hikari.pool.HikariPool        : HikariPool-1 - Added connection conn0: url=jdbc:h2:mem:testdb user=SA
2026-01-17T01:31:20.844+01:00  INFO 20732 --- [    Test worker] com.zaxxer.hikari.HikariDataSource       : HikariPool-1 - Start completed.
2026-01-17T01:31:20.901+01:00  WARN 20732 --- [    Test worker] org.hibernate.orm.deprecation            : HHH90000025: H2Dialect does not need to be specified explicitly using 'hibernate.dialect' (remove the property setting and it will be selected by default)
2026-01-17T01:31:20.947+01:00  INFO 20732 --- [    Test worker] org.hibernate.orm.connections.pooling    : HHH10001005: Database info:
	Database JDBC URL [Connecting through datasource 'HikariDataSource (HikariPool-1)']
	Database driver: undefined/unknown
	Database version: 2.3.232
	Autocommit mode: undefined/unknown
	Isolation level: undefined/unknown
	Minimum pool size: undefined/unknown
	Maximum pool size: undefined/unknown
2026-01-17T01:31:22.764+01:00  INFO 20732 --- [    Test worker] o.h.e.t.j.p.i.JtaPlatformInitiator       : HHH000489: No JTA platform available (set 'hibernate.transaction.jta.platform' to enable JTA platform integration)
2026-01-17T01:31:22.863+01:00  INFO 20732 --- [    Test worker] j.LocalContainerEntityManagerFactoryBean : Initialized JPA EntityManagerFactory for persistence unit 'default'
2026-01-17T01:31:23.435+01:00  INFO 20732 --- [    Test worker] o.s.d.j.r.query.QueryEnhancerFactory     : Hibernate is in classpath; If applicable, HQL parser will be used.
2026-01-17T01:31:24.718+01:00  WARN 20732 --- [    Test worker] JpaBaseConfiguration$JpaWebConfiguration : spring.jpa.open-in-view is enabled by default. Therefore, database queries may be performed during view rendering. Explicitly configure spring.jpa.open-in-view to disable this warning
2026-01-17T01:31:25.549+01:00  INFO 20732 --- [    Test worker] o.s.b.t.m.w.SpringBootMockServletContext : Initializing Spring TestDispatcherServlet ''
2026-01-17T01:31:25.550+01:00  INFO 20732 --- [    Test worker] o.s.t.web.servlet.TestDispatcherServlet  : Initializing Servlet ''
2026-01-17T01:31:25.552+01:00  INFO 20732 --- [    Test worker] o.s.t.web.servlet.TestDispatcherServlet  : Completed initialization in 1 ms
2026-01-17T01:31:25.614+01:00  INFO 20732 --- [    Test worker] com.whattodo.demo.CategoryControllerIT   : Started CategoryControllerIT in 9.589 seconds (process running for 12.615)
]]></system-out>
  <system-err><![CDATA[Mockito is currently self-attaching to enable the inline-mock-maker. This will no longer work in future releases of the JDK. Please add Mockito as an agent to your build as described in Mockito's documentation: https://javadoc.io/doc/org.mockito/mockito-core/latest/org.mockito/org/mockito/Mockito.html#0.3
WARNING: A Java agent has been loaded dynamically (C:\Users\razor\.gradle\caches\modules-2\files-2.1\net.bytebuddy\byte-buddy-agent\1.17.7\fbf3d6d649ed37fc9e9c59480a05be0a26e3c2da\byte-buddy-agent-1.17.7.jar)
WARNING: If a serviceability tool is in use, please run with -XX:+EnableDynamicAgentLoading to hide this warning
WARNING: If a serviceability tool is not in use, please run with -Djdk.instrument.traceUsage for more information
WARNING: Dynamic loading of agents will be disallowed by default in a future release
]]></system-err>
</testsuite>
